<?xml version="1.0" encoding="UTF-8"?>
<testng-results ignored="0" total="7" passed="7" failed="0" skipped="0">
  <reporter-output>
  </reporter-output>
  <suite started-at="2025-02-11T13:04:21Z" name="Default suite" finished-at="2025-02-11T13:04:54Z" duration-ms="32918">
    <groups>
      <group name="cucumber">
        <method signature="AbstractTestNGCucumberTests.runScenario(cucumber.api.testng.PickleEventWrapper, cucumber.api.testng.CucumberFeatureWrapper)[pri:0, instance:coderunner.runner@51fadaff]" name="runScenario" class="cucumber.api.testng.AbstractTestNGCucumberTests"/>
      </group> <!-- cucumber -->
    </groups>
    <test started-at="2025-02-11T13:04:21Z" name="Default test" finished-at="2025-02-11T13:04:54Z" duration-ms="32918">
      <class name="coderunner.runner">
        <test-method is-config="true" signature="setUpClass()[pri:0, instance:coderunner.runner@51fadaff]" started-at="2025-02-11T13:04:21Z" name="setUpClass" finished-at="2025-02-11T13:04:21Z" duration-ms="462" status="PASS">
          <reporter-output>
          </reporter-output>
        </test-method> <!-- setUpClass -->
        <test-method signature="runScenario(cucumber.api.testng.PickleEventWrapper, cucumber.api.testng.CucumberFeatureWrapper)[pri:0, instance:coderunner.runner@51fadaff]" started-at="2025-02-11T13:04:22Z" name="runScenario" description="Runs Cucumber Scenarios" data-provider="scenarios" finished-at="2025-02-11T13:04:27Z" duration-ms="5483" status="PASS">
          <params>
            <param index="0">
              <value>
                <![CDATA["Add todo task"]]>
              </value>
            </param>
            <param index="1">
              <value>
                <![CDATA["Todos Management website test"]]>
              </value>
            </param>
          </params>
          <reporter-output>
          </reporter-output>
        </test-method> <!-- runScenario -->
        <test-method signature="runScenario(cucumber.api.testng.PickleEventWrapper, cucumber.api.testng.CucumberFeatureWrapper)[pri:0, instance:coderunner.runner@51fadaff]" started-at="2025-02-11T13:04:27Z" name="runScenario" description="Runs Cucumber Scenarios" data-provider="scenarios" finished-at="2025-02-11T13:04:31Z" duration-ms="3742" status="PASS">
          <params>
            <param index="0">
              <value>
                <![CDATA["Add multiple todos"]]>
              </value>
            </param>
            <param index="1">
              <value>
                <![CDATA["Todos Management website test"]]>
              </value>
            </param>
          </params>
          <reporter-output>
          </reporter-output>
        </test-method> <!-- runScenario -->
        <test-method signature="runScenario(cucumber.api.testng.PickleEventWrapper, cucumber.api.testng.CucumberFeatureWrapper)[pri:0, instance:coderunner.runner@51fadaff]" started-at="2025-02-11T13:04:31Z" name="runScenario" description="Runs Cucumber Scenarios" data-provider="scenarios" finished-at="2025-02-11T13:04:34Z" duration-ms="2945" status="PASS">
          <params>
            <param index="0">
              <value>
                <![CDATA["Mark a Todo as completed"]]>
              </value>
            </param>
            <param index="1">
              <value>
                <![CDATA["Todos Management website test"]]>
              </value>
            </param>
          </params>
          <reporter-output>
          </reporter-output>
        </test-method> <!-- runScenario -->
        <test-method signature="runScenario(cucumber.api.testng.PickleEventWrapper, cucumber.api.testng.CucumberFeatureWrapper)[pri:0, instance:coderunner.runner@51fadaff]" started-at="2025-02-11T13:04:34Z" name="runScenario" description="Runs Cucumber Scenarios" data-provider="scenarios" finished-at="2025-02-11T13:04:40Z" duration-ms="6247" status="PASS">
          <params>
            <param index="0">
              <value>
                <![CDATA["Delete Todo with assert verify"]]>
              </value>
            </param>
            <param index="1">
              <value>
                <![CDATA["Todos Management website test"]]>
              </value>
            </param>
          </params>
          <reporter-output>
          </reporter-output>
        </test-method> <!-- runScenario -->
        <test-method signature="runScenario(cucumber.api.testng.PickleEventWrapper, cucumber.api.testng.CucumberFeatureWrapper)[pri:0, instance:coderunner.runner@51fadaff]" started-at="2025-02-11T13:04:40Z" name="runScenario" description="Runs Cucumber Scenarios" data-provider="scenarios" finished-at="2025-02-11T13:04:44Z" duration-ms="4142" status="PASS">
          <params>
            <param index="0">
              <value>
                <![CDATA["Count the number of completed Todos"]]>
              </value>
            </param>
            <param index="1">
              <value>
                <![CDATA["Todos Management website test"]]>
              </value>
            </param>
          </params>
          <reporter-output>
          </reporter-output>
        </test-method> <!-- runScenario -->
        <test-method signature="runScenario(cucumber.api.testng.PickleEventWrapper, cucumber.api.testng.CucumberFeatureWrapper)[pri:0, instance:coderunner.runner@51fadaff]" started-at="2025-02-11T13:04:44Z" name="runScenario" description="Runs Cucumber Scenarios" data-provider="scenarios" finished-at="2025-02-11T13:04:49Z" duration-ms="4797" status="PASS">
          <params>
            <param index="0">
              <value>
                <![CDATA["Count of all the Todos present"]]>
              </value>
            </param>
            <param index="1">
              <value>
                <![CDATA["Todos Management website test"]]>
              </value>
            </param>
          </params>
          <reporter-output>
          </reporter-output>
        </test-method> <!-- runScenario -->
        <test-method signature="runScenario(cucumber.api.testng.PickleEventWrapper, cucumber.api.testng.CucumberFeatureWrapper)[pri:0, instance:coderunner.runner@51fadaff]" started-at="2025-02-11T13:04:49Z" name="runScenario" description="Runs Cucumber Scenarios" data-provider="scenarios" finished-at="2025-02-11T13:04:54Z" duration-ms="4826" status="PASS">
          <params>
            <param index="0">
              <value>
                <![CDATA["Count of pending Todos"]]>
              </value>
            </param>
            <param index="1">
              <value>
                <![CDATA["Todos Management website test"]]>
              </value>
            </param>
          </params>
          <reporter-output>
          </reporter-output>
        </test-method> <!-- runScenario -->
        <test-method is-config="true" signature="tearDownClass()[pri:0, instance:coderunner.runner@51fadaff]" started-at="2025-02-11T13:04:54Z" name="tearDownClass" finished-at="2025-02-11T13:04:54Z" duration-ms="8" status="PASS">
          <reporter-output>
          </reporter-output>
        </test-method> <!-- tearDownClass -->
      </class> <!-- coderunner.runner -->
    </test> <!-- Default test -->
  </suite> <!-- Default suite -->
</testng-results>
